<?xml version="1.0" encoding="UTF-8"?>
<!-- Generated by org.testng.reporters.JUnitXMLReporter -->
<testsuite hostname="L-BG-P10405304" ignored="0" name="Login Test With Invalid Credentials" tests="1" failures="0" timestamp="27 Jul 2017 06:54:05 GMT" time="0.361" errors="0">
  <testcase name="loginWithValidCredTest" time="0.015" classname="uk.co.capita.advantagecontractor.tests.LoginWithInvalidCredTest">
    <skipped/>
  </testcase> <!-- loginWithValidCredTest -->
</testsuite> <!-- Login Test With Invalid Credentials -->
