<?xml version="1.0" encoding="UTF-8"?>
<testng-results skipped="0" failed="0" ignored="0" total="1" passed="1">
  <reporter-output>
  </reporter-output>
  <suite name="Default suite" duration-ms="86024" started-at="2017-08-10T11:19:41Z" finished-at="2017-08-10T11:21:07Z">
    <groups>
    </groups>
    <test name="Default test" duration-ms="86024" started-at="2017-08-10T11:19:41Z" finished-at="2017-08-10T11:21:07Z">
      <class name="uk.co.capita.advantagecontractor.tests.LoginAndCreateANewJobTest">
        <test-method status="PASS" signature="isEnvUp()[pri:0, instance:uk.co.capita.advantagecontractor.tests.LoginAndCreateANewJobTest@3ee37e5a]" name="isEnvUp" is-config="true" duration-ms="1485" started-at="2017-08-10T16:49:39Z" finished-at="2017-08-10T16:49:41Z">
          <reporter-output>
          </reporter-output>
        </test-method> <!-- isEnvUp -->
        <test-method status="PASS" signature="loginAndCreateANewJob(java.util.Hashtable)[pri:0, instance:uk.co.capita.advantagecontractor.tests.LoginAndCreateANewJobTest@3ee37e5a]" name="loginAndCreateANewJob" duration-ms="85624" started-at="2017-08-10T16:49:41Z" data-provider="getTestData" finished-at="2017-08-10T16:51:07Z">
          <params>
            <param index="0">
              <value>
                <![CDATA[{JobTicket=Generate now, Browser=Mozilla, Location=London, MainTrade=Brick Work, Password=0penHousing!23, StdJob=Kitchen Refurbishment, JobType=Schedule of Rates Job, Username=IDCUser1, ChargeType=Interim, Runmode=Y, FilePath=C:\\Users\\P10405304\\Desktop\\Doc1.docx, Multitrade=Yes, SubLocation=Bedroom 1, Acknowledgement=Generate now, Contract=North West Planned Works, CostCode=10 - 1010 - 22 - 10 - 20, LocationToBeSelected=1a London Road, Camden, London, Contractor=Building Services Division, RepairsOfficer=Mr H Officer, VAT=Reduced Rate 5%, CostCodeOption=Insurance job, Priority=Planned}]]>
              </value>
            </param>
          </params>
          <reporter-output>
          </reporter-output>
        </test-method> <!-- loginAndCreateANewJob -->
        <test-method status="PASS" signature="tearDown()[pri:0, instance:uk.co.capita.advantagecontractor.tests.LoginAndCreateANewJobTest@3ee37e5a]" name="tearDown" is-config="true" duration-ms="321" started-at="2017-08-10T16:51:07Z" finished-at="2017-08-10T16:51:07Z">
          <reporter-output>
          </reporter-output>
        </test-method> <!-- tearDown -->
      </class> <!-- uk.co.capita.advantagecontractor.tests.LoginAndCreateANewJobTest -->
    </test> <!-- Default test -->
  </suite> <!-- Default suite -->
</testng-results>
